(node:41503) Warning: The 'NO_COLOR' env is ignored due to the 'FORCE_COLOR' env being set.
(Use `node --trace-warnings ...` to show where the warning was created)

 RUN  v4.1.4 /Users/pedronauck/Dev/compozy/_worktrees/daemon-web-ui/web

(node:41506) Warning: The 'NO_COLOR' env is ignored due to the 'FORCE_COLOR' env being set.
(Use `node --trace-warnings ...` to show where the warning was created)
(node:41505) Warning: The 'NO_COLOR' env is ignored due to the 'FORCE_COLOR' env being set.
(Use `node --trace-warnings ...` to show where the warning was created)
Not implemented: Window's scrollTo() method
Not implemented: Window's scrollTo() method
Not implemented: Window's scrollTo() method
Not implemented: Window's scrollTo() method
Not implemented: Window's scrollTo() method
Not implemented: Window's scrollTo() method
Not implemented: Window's scrollTo() method
Not implemented: Window's scrollTo() method
Not implemented: Window's scrollTo() method
Not implemented: Window's scrollTo() method
Not implemented: Window's scrollTo() method
Not implemented: Window's scrollTo() method
Not implemented: Window's scrollTo() method

 Test Files  2 passed (2)
      Tests  12 passed (12)
   Start at  05:07:14
   Duration  973ms (transform 228ms, setup 96ms, import 524ms, tests 397ms, environment 485ms)

