{
  "commands": {
    "build": [
      "make build",
      "npm run build",
      "go build ./..."
    ],
    "install": [
      "make install",
      "make deps",
      "make setup",
      "npm install",
      "go mod download"
    ],
    "lint": [
      "make lint",
      "make fmt",
      "npm run lint",
      "npm run typecheck",
      "npm run format:check"
    ],
    "start": [
      "npm run dev"
    ],
    "test": [
      "make test",
      "make frontend-e2e",
      "npm test",
      "npm run frontend:e2e",
      "go test ./..."
    ],
    "verify": [
      "make verify"
    ]
  },
  "e2e": {
    "commands": [
      "make frontend-e2e",
      "npm run frontend:e2e"
    ],
    "detected": true,
    "frameworks": [
      "generic"
    ],
    "reason": [
      "E2E-style target `frontend-e2e` discovered in Makefile.",
      "E2E-style package script `frontend:e2e` discovered."
    ],
    "signals": [
      "Makefile:frontend-e2e",
      "package.json:frontend:e2e"
    ]
  },
  "notes": [
    "Prefer repository-defined umbrella commands over ecosystem defaults.",
    "Treat every discovered command as a candidate until repository instructions or CI confirm ownership."
  ],
  "root": "/Users/pedronauck/Dev/compozy/_worktrees/daemon-web-ui",
  "signals": [
    "Makefile",
    "package.json",
    "go.mod",
    ".github/workflows"
  ],
  "web_ui": {
    "detected": true,
    "has_start_command": true
  }
}
