✓ Browser closed
✓ Compozy Web UI
  http://127.0.0.1:57397/workflows
- heading "Compozy" [level=2, ref=e1]
- link "Dashboard" [ref=e2]
- link "Workflows" [ref=e3]
- link "Runs" [ref=e4]
- link "Reviews" [ref=e5]
- link "Memory" [ref=e6]
- heading "Workflow inventory" [level=1, ref=e7]
- button "Sync all" [ref=e8]
- heading "archive-ready" [level=2, ref=e9]
  - link "archive-ready" [ref=e30]
- link "Open task board" [ref=e10]
- link "Spec" [ref=e11]
- link "Memory" [ref=e12]
- button "Start run" [ref=e13]
- button "Sync" [ref=e14]
- button "Archive" [ref=e15]
- heading "daemon" [level=2, ref=e16]
  - link "daemon" [ref=e31]
- link "Open task board" [ref=e17]
- link "Spec" [ref=e18]
- link "Memory" [ref=e19]
- button "Start run" [ref=e20]
- button "Sync" [ref=e21]
- button "Archive" [ref=e22]
- heading "daemon-web-ui" [level=2, ref=e23]
  - link "daemon-web-ui" [ref=e32]
- link "Open task board" [ref=e24]
- link "Spec" [ref=e25]
- link "Memory" [ref=e26]
- button "Start run" [ref=e27]
- button "Sync" [ref=e28]
- button "Archive" [ref=e29]
✓ Done
✓ Done
- heading "Compozy" [level=2, ref=e1]
- link "Dashboard" [ref=e2]
- link "Workflows" [ref=e3]
- link "Runs" [ref=e4]
- link "Reviews" [ref=e5]
- link "Memory" [ref=e6]
- heading "Workflow inventory" [level=1, ref=e7]
- button "Sync all" [ref=e8]
- heading "archive-ready" [level=2, ref=e9]
  - link "archive-ready" [ref=e30]
- link "Open task board" [ref=e10]
- link "Spec" [ref=e11]
- link "Memory" [ref=e12]
- button "Start run" [ref=e13]
- button "Sync" [ref=e14]
- button "Archive" [ref=e15]
- heading "daemon" [level=2, ref=e16]
  - link "daemon" [ref=e31]
- link "Open task board" [ref=e17]
- link "Spec" [ref=e18]
- link "Memory" [ref=e19]
- button "Start run" [ref=e20]
- button "Sync" [ref=e21]
- button "Archive" [ref=e22]
- heading "daemon-web-ui" [level=2, ref=e23]
  - link "daemon-web-ui" [ref=e32]
- link "Open task board" [ref=e24]
- link "Spec" [ref=e25]
- link "Memory" [ref=e26]
- button "Start run" [ref=e27]
- button "Sync" [ref=e28]
- button "Archive" [ref=e29]
✗ Element not found. Verify the selector is correct and the element exists in the DOM.
✓ Screenshot saved to /Users/pedronauck/.agent-browser/tmp/screenshots/screenshot-1776759614985.png
http://127.0.0.1:57397/workflows
✓ Browser closed
